2022-11-01 10:11:59.856  INFO 10288 --- [main] com.messageapi.dc.MessageApiApplication  : Starting MessageApiApplication using Java 17.0.4.1 on MSI with PID 10288 (C:\Users\Hafidz\Documents\Django\dc\target\classes started by Hafidz in C:\Users\Hafidz\Documents\Django\dc)
2022-11-01 10:11:59.861  INFO 10288 --- [main] com.messageapi.dc.MessageApiApplication  : No active profile set, falling back to 1 default profile: "default"
2022-11-01 10:12:01.162  INFO 10288 --- [main] .s.d.r.c.RepositoryConfigurationDelegate : Bootstrapping Spring Data JPA repositories in DEFAULT mode.
2022-11-01 10:12:01.237  INFO 10288 --- [main] .s.d.r.c.RepositoryConfigurationDelegate : Finished Spring Data repository scanning in 62 ms. Found 1 JPA repository interfaces.
2022-11-01 10:12:02.064  INFO 10288 --- [main] o.s.b.w.embedded.tomcat.TomcatWebServer  : Tomcat initialized with port(s): 8080 (http)
2022-11-01 10:12:02.077  INFO 10288 --- [main] o.apache.catalina.core.StandardService   : Starting service [Tomcat]
2022-11-01 10:12:02.077  INFO 10288 --- [main] org.apache.catalina.core.StandardEngine  : Starting Servlet engine: [Apache Tomcat/9.0.68]
2022-11-01 10:12:02.211  INFO 10288 --- [main] o.a.c.c.C.[Tomcat].[localhost].[/]       : Initializing Spring embedded WebApplicationContext
2022-11-01 10:12:02.212  INFO 10288 --- [main] w.s.c.ServletWebServerApplicationContext : Root WebApplicationContext: initialization completed in 2269 ms
2022-11-01 10:12:02.520  INFO 10288 --- [main] o.hibernate.jpa.internal.util.LogHelper  : HHH000204: Processing PersistenceUnitInfo [name: default]
2022-11-01 10:12:02.617  INFO 10288 --- [main] org.hibernate.Version                    : HHH000412: Hibernate ORM core version 5.6.12.Final
2022-11-01 10:12:02.869  INFO 10288 --- [main] o.hibernate.annotations.common.Version   : HCANN000001: Hibernate Commons Annotations {5.1.2.Final}
2022-11-01 10:12:02.971  INFO 10288 --- [main] com.zaxxer.hikari.HikariDataSource       : HikariPool-1 - Starting...
2022-11-01 10:12:03.285  INFO 10288 --- [main] com.zaxxer.hikari.HikariDataSource       : HikariPool-1 - Start completed.
2022-11-01 10:12:03.325  INFO 10288 --- [main] org.hibernate.dialect.Dialect            : HHH000400: Using dialect: org.hibernate.dialect.MySQL5Dialect
2022-11-01 10:12:04.668  INFO 10288 --- [main] o.h.e.t.j.p.i.JtaPlatformInitiator       : HHH000490: Using JtaPlatform implementation: [org.hibernate.engine.transaction.jta.platform.internal.NoJtaPlatform]
2022-11-01 10:12:04.677  INFO 10288 --- [main] j.LocalContainerEntityManagerFactoryBean : Initialized JPA EntityManagerFactory for persistence unit 'default'
2022-11-01 10:12:05.200  WARN 10288 --- [main] JpaBaseConfiguration$JpaWebConfiguration : spring.jpa.open-in-view is enabled by default. Therefore, database queries may be performed during view rendering. Explicitly configure spring.jpa.open-in-view to disable this warning
2022-11-01 10:12:05.620  INFO 10288 --- [main] o.s.b.w.embedded.tomcat.TomcatWebServer  : Tomcat started on port(s): 8080 (http) with context path ''
2022-11-01 10:12:05.635  INFO 10288 --- [main] com.messageapi.dc.MessageApiApplication  : Started MessageApiApplication in 6.504 seconds (JVM running for 7.254)
2022-11-01 10:12:08.273  INFO 10288 --- [http-nio-8080-exec-2] o.a.c.c.C.[Tomcat].[localhost].[/]       : Initializing Spring DispatcherServlet 'dispatcherServlet'
2022-11-01 10:12:08.273  INFO 10288 --- [http-nio-8080-exec-2] o.s.web.servlet.DispatcherServlet        : Initializing Servlet 'dispatcherServlet'
2022-11-01 10:12:08.277  INFO 10288 --- [http-nio-8080-exec-2] o.s.web.servlet.DispatcherServlet        : Completed initialization in 4 ms
2022-11-01 10:12:08.514  INFO 10288 --- [http-nio-8080-exec-2] c.m.dc.controller.MessageApiController   : [Message] Controller Message Api Has Hit 
2022-11-01 10:14:17.676  WARN 10288 --- [http-nio-8080-exec-5] .w.s.m.s.DefaultHandlerExceptionResolver : Resolved [org.springframework.web.bind.MissingRequestHeaderException: Required request header 'Authorization' for method parameter type String is not present]
2022-11-01 10:15:50.545  INFO 10288 --- [SpringApplicationShutdownHook] j.LocalContainerEntityManagerFactoryBean : Closing JPA EntityManagerFactory for persistence unit 'default'
2022-11-01 10:15:50.547  INFO 10288 --- [SpringApplicationShutdownHook] com.zaxxer.hikari.HikariDataSource       : HikariPool-1 - Shutdown initiated...
2022-11-01 10:15:50.558  INFO 10288 --- [SpringApplicationShutdownHook] com.zaxxer.hikari.HikariDataSource       : HikariPool-1 - Shutdown completed.
2022-11-01 10:15:57.682  INFO 13968 --- [main] com.messageapi.dc.MessageApiApplication  : Starting MessageApiApplication using Java 17.0.4.1 on MSI with PID 13968 (C:\Users\Hafidz\Documents\Django\dc\target\classes started by Hafidz in C:\Users\Hafidz\Documents\Django\dc)
2022-11-01 10:15:57.690  INFO 13968 --- [main] com.messageapi.dc.MessageApiApplication  : No active profile set, falling back to 1 default profile: "default"
2022-11-01 10:15:59.330  INFO 13968 --- [main] .s.d.r.c.RepositoryConfigurationDelegate : Bootstrapping Spring Data JPA repositories in DEFAULT mode.
2022-11-01 10:15:59.491  INFO 13968 --- [main] .s.d.r.c.RepositoryConfigurationDelegate : Finished Spring Data repository scanning in 134 ms. Found 1 JPA repository interfaces.
2022-11-01 10:16:00.617  INFO 13968 --- [main] o.s.b.w.embedded.tomcat.TomcatWebServer  : Tomcat initialized with port(s): 8080 (http)
2022-11-01 10:16:00.631  INFO 13968 --- [main] o.apache.catalina.core.StandardService   : Starting service [Tomcat]
2022-11-01 10:16:00.632  INFO 13968 --- [main] org.apache.catalina.core.StandardEngine  : Starting Servlet engine: [Apache Tomcat/9.0.68]
2022-11-01 10:16:00.806  INFO 13968 --- [main] o.a.c.c.C.[Tomcat].[localhost].[/]       : Initializing Spring embedded WebApplicationContext
2022-11-01 10:16:00.807  INFO 13968 --- [main] w.s.c.ServletWebServerApplicationContext : Root WebApplicationContext: initialization completed in 2956 ms
2022-11-01 10:16:01.144  INFO 13968 --- [main] o.hibernate.jpa.internal.util.LogHelper  : HHH000204: Processing PersistenceUnitInfo [name: default]
2022-11-01 10:16:01.248  INFO 13968 --- [main] org.hibernate.Version                    : HHH000412: Hibernate ORM core version 5.6.12.Final
2022-11-01 10:16:01.526  INFO 13968 --- [main] o.hibernate.annotations.common.Version   : HCANN000001: Hibernate Commons Annotations {5.1.2.Final}
2022-11-01 10:16:01.668  INFO 13968 --- [main] com.zaxxer.hikari.HikariDataSource       : HikariPool-1 - Starting...
2022-11-01 10:16:01.994  INFO 13968 --- [main] com.zaxxer.hikari.HikariDataSource       : HikariPool-1 - Start completed.
2022-11-01 10:16:02.034  INFO 13968 --- [main] org.hibernate.dialect.Dialect            : HHH000400: Using dialect: org.hibernate.dialect.MySQL5Dialect
2022-11-01 10:16:03.043  INFO 13968 --- [main] o.h.e.t.j.p.i.JtaPlatformInitiator       : HHH000490: Using JtaPlatform implementation: [org.hibernate.engine.transaction.jta.platform.internal.NoJtaPlatform]
2022-11-01 10:16:03.051  INFO 13968 --- [main] j.LocalContainerEntityManagerFactoryBean : Initialized JPA EntityManagerFactory for persistence unit 'default'
2022-11-01 10:16:03.070  WARN 13968 --- [main] ConfigServletWebServerApplicationContext : Exception encountered during context initialization - cancelling refresh attempt: org.springframework.beans.factory.UnsatisfiedDependencyException: Error creating bean with name 'messageApiController': Unsatisfied dependency expressed through field 'messageService'; nested exception is org.springframework.beans.factory.BeanCreationException: Error creating bean with name 'messageService' defined in file [C:\Users\Hafidz\Documents\Django\dc\target\classes\com\messageapi\dc\service\MessageService.class]: Instantiation of bean failed; nested exception is org.springframework.beans.BeanInstantiationException: Failed to instantiate [com.messageapi.dc.service.MessageService]: Constructor threw exception; nested exception is java.lang.ClassCastException: class ch.qos.logback.classic.Logger cannot be cast to class java.util.logging.Logger (ch.qos.logback.classic.Logger is in unnamed module of loader 'app'; java.util.logging.Logger is in module java.logging of loader 'bootstrap')
2022-11-01 10:16:03.070  INFO 13968 --- [main] j.LocalContainerEntityManagerFactoryBean : Closing JPA EntityManagerFactory for persistence unit 'default'
2022-11-01 10:16:03.073  INFO 13968 --- [main] com.zaxxer.hikari.HikariDataSource       : HikariPool-1 - Shutdown initiated...
2022-11-01 10:16:03.085  INFO 13968 --- [main] com.zaxxer.hikari.HikariDataSource       : HikariPool-1 - Shutdown completed.
2022-11-01 10:16:03.089  INFO 13968 --- [main] o.apache.catalina.core.StandardService   : Stopping service [Tomcat]
2022-11-01 10:16:03.099  INFO 13968 --- [main] ConditionEvaluationReportLoggingListener : 

Error starting ApplicationContext. To display the conditions report re-run your application with 'debug' enabled.
2022-11-01 10:16:03.139 ERROR 13968 --- [main] o.s.boot.SpringApplication               : Application run failed

org.springframework.beans.factory.UnsatisfiedDependencyException: Error creating bean with name 'messageApiController': Unsatisfied dependency expressed through field 'messageService'; nested exception is org.springframework.beans.factory.BeanCreationException: Error creating bean with name 'messageService' defined in file [C:\Users\Hafidz\Documents\Django\dc\target\classes\com\messageapi\dc\service\MessageService.class]: Instantiation of bean failed; nested exception is org.springframework.beans.BeanInstantiationException: Failed to instantiate [com.messageapi.dc.service.MessageService]: Constructor threw exception; nested exception is java.lang.ClassCastException: class ch.qos.logback.classic.Logger cannot be cast to class java.util.logging.Logger (ch.qos.logback.classic.Logger is in unnamed module of loader 'app'; java.util.logging.Logger is in module java.logging of loader 'bootstrap')
	at org.springframework.beans.factory.annotation.AutowiredAnnotationBeanPostProcessor$AutowiredFieldElement.resolveFieldValue(AutowiredAnnotationBeanPostProcessor.java:659) ~[spring-beans-5.3.23.jar:5.3.23]
	at org.springframework.beans.factory.annotation.AutowiredAnnotationBeanPostProcessor$AutowiredFieldElement.inject(AutowiredAnnotationBeanPostProcessor.java:639) ~[spring-beans-5.3.23.jar:5.3.23]
	at org.springframework.beans.factory.annotation.InjectionMetadata.inject(InjectionMetadata.java:119) ~[spring-beans-5.3.23.jar:5.3.23]
	at org.springframework.beans.factory.annotation.AutowiredAnnotationBeanPostProcessor.postProcessProperties(AutowiredAnnotationBeanPostProcessor.java:399) ~[spring-beans-5.3.23.jar:5.3.23]
	at org.springframework.beans.factory.support.AbstractAutowireCapableBeanFactory.populateBean(AbstractAutowireCapableBeanFactory.java:1431) ~[spring-beans-5.3.23.jar:5.3.23]
	at org.springframework.beans.factory.support.AbstractAutowireCapableBeanFactory.doCreateBean(AbstractAutowireCapableBeanFactory.java:619) ~[spring-beans-5.3.23.jar:5.3.23]
	at org.springframework.beans.factory.support.AbstractAutowireCapableBeanFactory.createBean(AbstractAutowireCapableBeanFactory.java:542) ~[spring-beans-5.3.23.jar:5.3.23]
	at org.springframework.beans.factory.support.AbstractBeanFactory.lambda$doGetBean$0(AbstractBeanFactory.java:335) ~[spring-beans-5.3.23.jar:5.3.23]
	at org.springframework.beans.factory.support.DefaultSingletonBeanRegistry.getSingleton(DefaultSingletonBeanRegistry.java:234) ~[spring-beans-5.3.23.jar:5.3.23]
	at org.springframework.beans.factory.support.AbstractBeanFactory.doGetBean(AbstractBeanFactory.java:333) ~[spring-beans-5.3.23.jar:5.3.23]
	at org.springframework.beans.factory.support.AbstractBeanFactory.getBean(AbstractBeanFactory.java:208) ~[spring-beans-5.3.23.jar:5.3.23]
	at org.springframework.beans.factory.support.DefaultListableBeanFactory.preInstantiateSingletons(DefaultListableBeanFactory.java:955) ~[spring-beans-5.3.23.jar:5.3.23]
	at org.springframework.context.support.AbstractApplicationContext.finishBeanFactoryInitialization(AbstractApplicationContext.java:918) ~[spring-context-5.3.23.jar:5.3.23]
	at org.springframework.context.support.AbstractApplicationContext.refresh(AbstractApplicationContext.java:583) ~[spring-context-5.3.23.jar:5.3.23]
	at org.springframework.boot.web.servlet.context.ServletWebServerApplicationContext.refresh(ServletWebServerApplicationContext.java:147) ~[spring-boot-2.7.5.jar:2.7.5]
	at org.springframework.boot.SpringApplication.refresh(SpringApplication.java:734) ~[spring-boot-2.7.5.jar:2.7.5]
	at org.springframework.boot.SpringApplication.refreshContext(SpringApplication.java:408) ~[spring-boot-2.7.5.jar:2.7.5]
	at org.springframework.boot.SpringApplication.run(SpringApplication.java:308) ~[spring-boot-2.7.5.jar:2.7.5]
	at org.springframework.boot.SpringApplication.run(SpringApplication.java:1306) ~[spring-boot-2.7.5.jar:2.7.5]
	at org.springframework.boot.SpringApplication.run(SpringApplication.java:1295) ~[spring-boot-2.7.5.jar:2.7.5]
	at com.messageapi.dc.MessageApiApplication.main(MessageApiApplication.java:10) ~[classes/:na]
Caused by: org.springframework.beans.factory.BeanCreationException: Error creating bean with name 'messageService' defined in file [C:\Users\Hafidz\Documents\Django\dc\target\classes\com\messageapi\dc\service\MessageService.class]: Instantiation of bean failed; nested exception is org.springframework.beans.BeanInstantiationException: Failed to instantiate [com.messageapi.dc.service.MessageService]: Constructor threw exception; nested exception is java.lang.ClassCastException: class ch.qos.logback.classic.Logger cannot be cast to class java.util.logging.Logger (ch.qos.logback.classic.Logger is in unnamed module of loader 'app'; java.util.logging.Logger is in module java.logging of loader 'bootstrap')
	at org.springframework.beans.factory.support.AbstractAutowireCapableBeanFactory.instantiateBean(AbstractAutowireCapableBeanFactory.java:1334) ~[spring-beans-5.3.23.jar:5.3.23]
	at org.springframework.beans.factory.support.AbstractAutowireCapableBeanFactory.createBeanInstance(AbstractAutowireCapableBeanFactory.java:1232) ~[spring-beans-5.3.23.jar:5.3.23]
	at org.springframework.beans.factory.support.AbstractAutowireCapableBeanFactory.doCreateBean(AbstractAutowireCapableBeanFactory.java:582) ~[spring-beans-5.3.23.jar:5.3.23]
	at org.springframework.beans.factory.support.AbstractAutowireCapableBeanFactory.createBean(AbstractAutowireCapableBeanFactory.java:542) ~[spring-beans-5.3.23.jar:5.3.23]
	at org.springframework.beans.factory.support.AbstractBeanFactory.lambda$doGetBean$0(AbstractBeanFactory.java:335) ~[spring-beans-5.3.23.jar:5.3.23]
	at org.springframework.beans.factory.support.DefaultSingletonBeanRegistry.getSingleton(DefaultSingletonBeanRegistry.java:234) ~[spring-beans-5.3.23.jar:5.3.23]
	at org.springframework.beans.factory.support.AbstractBeanFactory.doGetBean(AbstractBeanFactory.java:333) ~[spring-beans-5.3.23.jar:5.3.23]
	at org.springframework.beans.factory.support.AbstractBeanFactory.getBean(AbstractBeanFactory.java:208) ~[spring-beans-5.3.23.jar:5.3.23]
	at org.springframework.beans.factory.config.DependencyDescriptor.resolveCandidate(DependencyDescriptor.java:276) ~[spring-beans-5.3.23.jar:5.3.23]
	at org.springframework.beans.factory.support.DefaultListableBeanFactory.doResolveDependency(DefaultListableBeanFactory.java:1391) ~[spring-beans-5.3.23.jar:5.3.23]
	at org.springframework.beans.factory.support.DefaultListableBeanFactory.resolveDependency(DefaultListableBeanFactory.java:1311) ~[spring-beans-5.3.23.jar:5.3.23]
	at org.springframework.beans.factory.annotation.AutowiredAnnotationBeanPostProcessor$AutowiredFieldElement.resolveFieldValue(AutowiredAnnotationBeanPostProcessor.java:656) ~[spring-beans-5.3.23.jar:5.3.23]
	... 20 common frames omitted
Caused by: org.springframework.beans.BeanInstantiationException: Failed to instantiate [com.messageapi.dc.service.MessageService]: Constructor threw exception; nested exception is java.lang.ClassCastException: class ch.qos.logback.classic.Logger cannot be cast to class java.util.logging.Logger (ch.qos.logback.classic.Logger is in unnamed module of loader 'app'; java.util.logging.Logger is in module java.logging of loader 'bootstrap')
	at org.springframework.beans.BeanUtils.instantiateClass(BeanUtils.java:224) ~[spring-beans-5.3.23.jar:5.3.23]
	at org.springframework.beans.factory.support.SimpleInstantiationStrategy.instantiate(SimpleInstantiationStrategy.java:87) ~[spring-beans-5.3.23.jar:5.3.23]
	at org.springframework.beans.factory.support.AbstractAutowireCapableBeanFactory.instantiateBean(AbstractAutowireCapableBeanFactory.java:1326) ~[spring-beans-5.3.23.jar:5.3.23]
	... 31 common frames omitted
Caused by: java.lang.ClassCastException: class ch.qos.logback.classic.Logger cannot be cast to class java.util.logging.Logger (ch.qos.logback.classic.Logger is in unnamed module of loader 'app'; java.util.logging.Logger is in module java.logging of loader 'bootstrap')
	at com.messageapi.dc.service.MessageService.<init>(MessageService.java:27) ~[classes/:na]
	at java.base/jdk.internal.reflect.NativeConstructorAccessorImpl.newInstance0(Native Method) ~[na:na]
	at java.base/jdk.internal.reflect.NativeConstructorAccessorImpl.newInstance(NativeConstructorAccessorImpl.java:77) ~[na:na]
	at java.base/jdk.internal.reflect.DelegatingConstructorAccessorImpl.newInstance(DelegatingConstructorAccessorImpl.java:45) ~[na:na]
	at java.base/java.lang.reflect.Constructor.newInstanceWithCaller(Constructor.java:499) ~[na:na]
	at java.base/java.lang.reflect.Constructor.newInstance(Constructor.java:480) ~[na:na]
	at org.springframework.beans.BeanUtils.instantiateClass(BeanUtils.java:211) ~[spring-beans-5.3.23.jar:5.3.23]
	... 33 common frames omitted

2022-11-01 10:16:29.047  INFO 8384 --- [main] com.messageapi.dc.MessageApiApplication  : Starting MessageApiApplication using Java 17.0.4.1 on MSI with PID 8384 (C:\Users\Hafidz\Documents\Django\dc\target\classes started by Hafidz in C:\Users\Hafidz\Documents\Django\dc)
2022-11-01 10:16:29.055  INFO 8384 --- [main] com.messageapi.dc.MessageApiApplication  : No active profile set, falling back to 1 default profile: "default"
2022-11-01 10:16:30.392  INFO 8384 --- [main] .s.d.r.c.RepositoryConfigurationDelegate : Bootstrapping Spring Data JPA repositories in DEFAULT mode.
2022-11-01 10:16:30.534  INFO 8384 --- [main] .s.d.r.c.RepositoryConfigurationDelegate : Finished Spring Data repository scanning in 119 ms. Found 1 JPA repository interfaces.
2022-11-01 10:16:31.606  INFO 8384 --- [main] o.s.b.w.embedded.tomcat.TomcatWebServer  : Tomcat initialized with port(s): 8080 (http)
2022-11-01 10:16:31.618  INFO 8384 --- [main] o.apache.catalina.core.StandardService   : Starting service [Tomcat]
2022-11-01 10:16:31.619  INFO 8384 --- [main] org.apache.catalina.core.StandardEngine  : Starting Servlet engine: [Apache Tomcat/9.0.68]
2022-11-01 10:16:31.787  INFO 8384 --- [main] o.a.c.c.C.[Tomcat].[localhost].[/]       : Initializing Spring embedded WebApplicationContext
2022-11-01 10:16:31.788  INFO 8384 --- [main] w.s.c.ServletWebServerApplicationContext : Root WebApplicationContext: initialization completed in 2599 ms
2022-11-01 10:16:32.171  INFO 8384 --- [main] o.hibernate.jpa.internal.util.LogHelper  : HHH000204: Processing PersistenceUnitInfo [name: default]
2022-11-01 10:16:32.265  INFO 8384 --- [main] org.hibernate.Version                    : HHH000412: Hibernate ORM core version 5.6.12.Final
2022-11-01 10:16:32.549  INFO 8384 --- [main] o.hibernate.annotations.common.Version   : HCANN000001: Hibernate Commons Annotations {5.1.2.Final}
2022-11-01 10:16:32.690  INFO 8384 --- [main] com.zaxxer.hikari.HikariDataSource       : HikariPool-1 - Starting...
2022-11-01 10:16:32.934  INFO 8384 --- [main] com.zaxxer.hikari.HikariDataSource       : HikariPool-1 - Start completed.
2022-11-01 10:16:32.966  INFO 8384 --- [main] org.hibernate.dialect.Dialect            : HHH000400: Using dialect: org.hibernate.dialect.MySQL5Dialect
2022-11-01 10:16:33.917  INFO 8384 --- [main] o.h.e.t.j.p.i.JtaPlatformInitiator       : HHH000490: Using JtaPlatform implementation: [org.hibernate.engine.transaction.jta.platform.internal.NoJtaPlatform]
2022-11-01 10:16:33.928  INFO 8384 --- [main] j.LocalContainerEntityManagerFactoryBean : Initialized JPA EntityManagerFactory for persistence unit 'default'
2022-11-01 10:16:34.583  WARN 8384 --- [main] JpaBaseConfiguration$JpaWebConfiguration : spring.jpa.open-in-view is enabled by default. Therefore, database queries may be performed during view rendering. Explicitly configure spring.jpa.open-in-view to disable this warning
2022-11-01 10:16:35.210  INFO 8384 --- [main] o.s.b.w.embedded.tomcat.TomcatWebServer  : Tomcat started on port(s): 8080 (http) with context path ''
2022-11-01 10:16:35.229  INFO 8384 --- [main] com.messageapi.dc.MessageApiApplication  : Started MessageApiApplication in 7.03 seconds (JVM running for 8.112)
2022-11-01 10:16:38.407  INFO 8384 --- [http-nio-8080-exec-1] o.a.c.c.C.[Tomcat].[localhost].[/]       : Initializing Spring DispatcherServlet 'dispatcherServlet'
2022-11-01 10:16:38.408  INFO 8384 --- [http-nio-8080-exec-1] o.s.web.servlet.DispatcherServlet        : Initializing Servlet 'dispatcherServlet'
2022-11-01 10:16:38.409  INFO 8384 --- [http-nio-8080-exec-1] o.s.web.servlet.DispatcherServlet        : Completed initialization in 1 ms
2022-11-01 10:16:38.442  WARN 8384 --- [http-nio-8080-exec-1] .w.s.m.s.DefaultHandlerExceptionResolver : Resolved [org.springframework.web.bind.MissingRequestHeaderException: Required request header 'Authorization' for method parameter type String is not present]
2022-11-01 10:16:39.484  WARN 8384 --- [http-nio-8080-exec-4] .w.s.m.s.DefaultHandlerExceptionResolver : Resolved [org.springframework.web.bind.MissingRequestHeaderException: Required request header 'Authorization' for method parameter type String is not present]
2022-11-01 10:16:48.422  INFO 8384 --- [http-nio-8080-exec-6] c.m.dc.controller.MessageApiController   : [Message] Controller Message Api Has Hit 
2022-11-01 10:18:05.528  INFO 8384 --- [SpringApplicationShutdownHook] j.LocalContainerEntityManagerFactoryBean : Closing JPA EntityManagerFactory for persistence unit 'default'
2022-11-01 10:18:05.531  INFO 8384 --- [SpringApplicationShutdownHook] com.zaxxer.hikari.HikariDataSource       : HikariPool-1 - Shutdown initiated...
2022-11-01 10:18:05.546  INFO 8384 --- [SpringApplicationShutdownHook] com.zaxxer.hikari.HikariDataSource       : HikariPool-1 - Shutdown completed.
2022-11-01 10:19:08.458  INFO 5132 --- [main] com.messageapi.dc.MessageApiApplication  : Starting MessageApiApplication using Java 17.0.4.1 on MSI with PID 5132 (C:\Users\Hafidz\Documents\Django\dc\target\classes started by Hafidz in C:\Users\Hafidz\Documents\Django\dc)
2022-11-01 10:19:08.469  INFO 5132 --- [main] com.messageapi.dc.MessageApiApplication  : No active profile set, falling back to 1 default profile: "default"
2022-11-01 10:19:09.290  INFO 5132 --- [main] .s.d.r.c.RepositoryConfigurationDelegate : Bootstrapping Spring Data JPA repositories in DEFAULT mode.
2022-11-01 10:19:09.356  INFO 5132 --- [main] .s.d.r.c.RepositoryConfigurationDelegate : Finished Spring Data repository scanning in 54 ms. Found 1 JPA repository interfaces.
2022-11-01 10:19:10.221  INFO 5132 --- [main] o.s.b.w.embedded.tomcat.TomcatWebServer  : Tomcat initialized with port(s): 8080 (http)
2022-11-01 10:19:10.236  INFO 5132 --- [main] o.apache.catalina.core.StandardService   : Starting service [Tomcat]
2022-11-01 10:19:10.236  INFO 5132 --- [main] org.apache.catalina.core.StandardEngine  : Starting Servlet engine: [Apache Tomcat/9.0.68]
2022-11-01 10:19:10.368  INFO 5132 --- [main] o.a.c.c.C.[Tomcat].[localhost].[/]       : Initializing Spring embedded WebApplicationContext
2022-11-01 10:19:10.369  INFO 5132 --- [main] w.s.c.ServletWebServerApplicationContext : Root WebApplicationContext: initialization completed in 1813 ms
2022-11-01 10:19:10.647  INFO 5132 --- [main] o.hibernate.jpa.internal.util.LogHelper  : HHH000204: Processing PersistenceUnitInfo [name: default]
2022-11-01 10:19:10.723  INFO 5132 --- [main] org.hibernate.Version                    : HHH000412: Hibernate ORM core version 5.6.12.Final
2022-11-01 10:19:10.939  INFO 5132 --- [main] o.hibernate.annotations.common.Version   : HCANN000001: Hibernate Commons Annotations {5.1.2.Final}
2022-11-01 10:19:11.051  INFO 5132 --- [main] com.zaxxer.hikari.HikariDataSource       : HikariPool-1 - Starting...
2022-11-01 10:19:11.267  INFO 5132 --- [main] com.zaxxer.hikari.HikariDataSource       : HikariPool-1 - Start completed.
2022-11-01 10:19:11.308  INFO 5132 --- [main] org.hibernate.dialect.Dialect            : HHH000400: Using dialect: org.hibernate.dialect.MySQL5Dialect
2022-11-01 10:19:12.111  INFO 5132 --- [main] o.h.e.t.j.p.i.JtaPlatformInitiator       : HHH000490: Using JtaPlatform implementation: [org.hibernate.engine.transaction.jta.platform.internal.NoJtaPlatform]
2022-11-01 10:19:12.121  INFO 5132 --- [main] j.LocalContainerEntityManagerFactoryBean : Initialized JPA EntityManagerFactory for persistence unit 'default'
2022-11-01 10:19:12.628  WARN 5132 --- [main] JpaBaseConfiguration$JpaWebConfiguration : spring.jpa.open-in-view is enabled by default. Therefore, database queries may be performed during view rendering. Explicitly configure spring.jpa.open-in-view to disable this warning
2022-11-01 10:19:13.044  INFO 5132 --- [main] o.s.b.w.embedded.tomcat.TomcatWebServer  : Tomcat started on port(s): 8080 (http) with context path ''
2022-11-01 10:19:13.054  INFO 5132 --- [main] com.messageapi.dc.MessageApiApplication  : Started MessageApiApplication in 5.182 seconds (JVM running for 5.847)
2022-11-01 10:19:18.236  INFO 5132 --- [http-nio-8080-exec-1] o.a.c.c.C.[Tomcat].[localhost].[/]       : Initializing Spring DispatcherServlet 'dispatcherServlet'
2022-11-01 10:19:18.237  INFO 5132 --- [http-nio-8080-exec-1] o.s.web.servlet.DispatcherServlet        : Initializing Servlet 'dispatcherServlet'
2022-11-01 10:19:18.238  INFO 5132 --- [http-nio-8080-exec-1] o.s.web.servlet.DispatcherServlet        : Completed initialization in 1 ms
2022-11-01 10:19:18.378  INFO 5132 --- [http-nio-8080-exec-1] c.m.dc.controller.MessageApiController   : [Message] Controller Message Api Has Hit 
2022-11-01 10:19:18.379 ERROR 5132 --- [http-nio-8080-exec-1] c.messageapi.dc.service.MessageService   : Cannot invoke "String.equals(Object)" because "author" is null
2022-11-01 10:21:45.470  INFO 5132 --- [SpringApplicationShutdownHook] j.LocalContainerEntityManagerFactoryBean : Closing JPA EntityManagerFactory for persistence unit 'default'
2022-11-01 10:21:45.473  INFO 5132 --- [SpringApplicationShutdownHook] com.zaxxer.hikari.HikariDataSource       : HikariPool-1 - Shutdown initiated...
2022-11-01 10:21:45.480  INFO 5132 --- [SpringApplicationShutdownHook] com.zaxxer.hikari.HikariDataSource       : HikariPool-1 - Shutdown completed.
2022-11-01 10:22:27.118  INFO 10004 --- [main] com.messageapi.dc.MessageApiApplication  : Starting MessageApiApplication using Java 17.0.4.1 on MSI with PID 10004 (C:\Users\Hafidz\Documents\Django\dc\target\classes started by Hafidz in C:\Users\Hafidz\Documents\Django\dc)
2022-11-01 10:22:27.127  INFO 10004 --- [main] com.messageapi.dc.MessageApiApplication  : No active profile set, falling back to 1 default profile: "default"
2022-11-01 10:22:27.952  INFO 10004 --- [main] .s.d.r.c.RepositoryConfigurationDelegate : Bootstrapping Spring Data JPA repositories in DEFAULT mode.
2022-11-01 10:22:28.041  INFO 10004 --- [main] .s.d.r.c.RepositoryConfigurationDelegate : Finished Spring Data repository scanning in 74 ms. Found 1 JPA repository interfaces.
2022-11-01 10:22:28.861  INFO 10004 --- [main] o.s.b.w.embedded.tomcat.TomcatWebServer  : Tomcat initialized with port(s): 8080 (http)
2022-11-01 10:22:28.872  INFO 10004 --- [main] o.apache.catalina.core.StandardService   : Starting service [Tomcat]
2022-11-01 10:22:28.873  INFO 10004 --- [main] org.apache.catalina.core.StandardEngine  : Starting Servlet engine: [Apache Tomcat/9.0.68]
2022-11-01 10:22:29.010  INFO 10004 --- [main] o.a.c.c.C.[Tomcat].[localhost].[/]       : Initializing Spring embedded WebApplicationContext
2022-11-01 10:22:29.011  INFO 10004 --- [main] w.s.c.ServletWebServerApplicationContext : Root WebApplicationContext: initialization completed in 1780 ms
2022-11-01 10:22:29.260  INFO 10004 --- [main] o.hibernate.jpa.internal.util.LogHelper  : HHH000204: Processing PersistenceUnitInfo [name: default]
2022-11-01 10:22:29.326  INFO 10004 --- [main] org.hibernate.Version                    : HHH000412: Hibernate ORM core version 5.6.12.Final
2022-11-01 10:22:29.495  INFO 10004 --- [main] o.hibernate.annotations.common.Version   : HCANN000001: Hibernate Commons Annotations {5.1.2.Final}
2022-11-01 10:22:29.584  INFO 10004 --- [main] com.zaxxer.hikari.HikariDataSource       : HikariPool-1 - Starting...
2022-11-01 10:22:29.792  INFO 10004 --- [main] com.zaxxer.hikari.HikariDataSource       : HikariPool-1 - Start completed.
2022-11-01 10:22:29.818  INFO 10004 --- [main] org.hibernate.dialect.Dialect            : HHH000400: Using dialect: org.hibernate.dialect.MySQL5Dialect
2022-11-01 10:22:30.598  INFO 10004 --- [main] o.h.e.t.j.p.i.JtaPlatformInitiator       : HHH000490: Using JtaPlatform implementation: [org.hibernate.engine.transaction.jta.platform.internal.NoJtaPlatform]
2022-11-01 10:22:30.608  INFO 10004 --- [main] j.LocalContainerEntityManagerFactoryBean : Initialized JPA EntityManagerFactory for persistence unit 'default'
2022-11-01 10:22:31.111  WARN 10004 --- [main] JpaBaseConfiguration$JpaWebConfiguration : spring.jpa.open-in-view is enabled by default. Therefore, database queries may be performed during view rendering. Explicitly configure spring.jpa.open-in-view to disable this warning
2022-11-01 10:22:31.516  INFO 10004 --- [main] o.s.b.w.embedded.tomcat.TomcatWebServer  : Tomcat started on port(s): 8080 (http) with context path ''
2022-11-01 10:22:31.525  INFO 10004 --- [main] com.messageapi.dc.MessageApiApplication  : Started MessageApiApplication in 5.373 seconds (JVM running for 6.288)
2022-11-01 10:22:35.508  INFO 10004 --- [http-nio-8080-exec-1] o.a.c.c.C.[Tomcat].[localhost].[/]       : Initializing Spring DispatcherServlet 'dispatcherServlet'
2022-11-01 10:22:35.509  INFO 10004 --- [http-nio-8080-exec-1] o.s.web.servlet.DispatcherServlet        : Initializing Servlet 'dispatcherServlet'
2022-11-01 10:22:35.510  INFO 10004 --- [http-nio-8080-exec-1] o.s.web.servlet.DispatcherServlet        : Completed initialization in 1 ms
2022-11-01 10:22:35.636  INFO 10004 --- [http-nio-8080-exec-1] c.m.dc.controller.MessageApiController   : [Message] Controller Message Api Has Hit 
2022-11-01 10:22:38.262  INFO 10004 --- [http-nio-8080-exec-4] c.m.dc.controller.MessageApiController   : [Message] Controller Message Api Has Hit 
2022-11-01 10:23:09.164  INFO 10004 --- [SpringApplicationShutdownHook] j.LocalContainerEntityManagerFactoryBean : Closing JPA EntityManagerFactory for persistence unit 'default'
2022-11-01 10:23:09.167  INFO 10004 --- [SpringApplicationShutdownHook] com.zaxxer.hikari.HikariDataSource       : HikariPool-1 - Shutdown initiated...
2022-11-01 10:23:09.177  INFO 10004 --- [SpringApplicationShutdownHook] com.zaxxer.hikari.HikariDataSource       : HikariPool-1 - Shutdown completed.
2022-11-01 10:23:14.320  INFO 16352 --- [main] com.messageapi.dc.MessageApiApplication  : Starting MessageApiApplication using Java 17.0.4.1 on MSI with PID 16352 (C:\Users\Hafidz\Documents\Django\dc\target\classes started by Hafidz in C:\Users\Hafidz\Documents\Django\dc)
2022-11-01 10:23:14.325  INFO 16352 --- [main] com.messageapi.dc.MessageApiApplication  : No active profile set, falling back to 1 default profile: "default"
2022-11-01 10:23:15.675  INFO 16352 --- [main] .s.d.r.c.RepositoryConfigurationDelegate : Bootstrapping Spring Data JPA repositories in DEFAULT mode.
2022-11-01 10:23:15.816  INFO 16352 --- [main] .s.d.r.c.RepositoryConfigurationDelegate : Finished Spring Data repository scanning in 109 ms. Found 1 JPA repository interfaces.
2022-11-01 10:23:16.920  INFO 16352 --- [main] o.s.b.w.embedded.tomcat.TomcatWebServer  : Tomcat initialized with port(s): 8080 (http)
2022-11-01 10:23:16.935  INFO 16352 --- [main] o.apache.catalina.core.StandardService   : Starting service [Tomcat]
2022-11-01 10:23:16.935  INFO 16352 --- [main] org.apache.catalina.core.StandardEngine  : Starting Servlet engine: [Apache Tomcat/9.0.68]
2022-11-01 10:23:17.126  INFO 16352 --- [main] o.a.c.c.C.[Tomcat].[localhost].[/]       : Initializing Spring embedded WebApplicationContext
2022-11-01 10:23:17.126  INFO 16352 --- [main] w.s.c.ServletWebServerApplicationContext : Root WebApplicationContext: initialization completed in 2716 ms
2022-11-01 10:23:17.480  INFO 16352 --- [main] o.hibernate.jpa.internal.util.LogHelper  : HHH000204: Processing PersistenceUnitInfo [name: default]
2022-11-01 10:23:17.592  INFO 16352 --- [main] org.hibernate.Version                    : HHH000412: Hibernate ORM core version 5.6.12.Final
2022-11-01 10:23:17.840  INFO 16352 --- [main] o.hibernate.annotations.common.Version   : HCANN000001: Hibernate Commons Annotations {5.1.2.Final}
2022-11-01 10:23:17.971  INFO 16352 --- [main] com.zaxxer.hikari.HikariDataSource       : HikariPool-1 - Starting...
2022-11-01 10:23:18.267  INFO 16352 --- [main] com.zaxxer.hikari.HikariDataSource       : HikariPool-1 - Start completed.
2022-11-01 10:23:18.294  INFO 16352 --- [main] org.hibernate.dialect.Dialect            : HHH000400: Using dialect: org.hibernate.dialect.MySQL5Dialect
2022-11-01 10:23:19.342  INFO 16352 --- [main] o.h.e.t.j.p.i.JtaPlatformInitiator       : HHH000490: Using JtaPlatform implementation: [org.hibernate.engine.transaction.jta.platform.internal.NoJtaPlatform]
2022-11-01 10:23:19.357  INFO 16352 --- [main] j.LocalContainerEntityManagerFactoryBean : Initialized JPA EntityManagerFactory for persistence unit 'default'
2022-11-01 10:23:19.931  WARN 16352 --- [main] JpaBaseConfiguration$JpaWebConfiguration : spring.jpa.open-in-view is enabled by default. Therefore, database queries may be performed during view rendering. Explicitly configure spring.jpa.open-in-view to disable this warning
2022-11-01 10:23:20.499  INFO 16352 --- [main] o.s.b.w.embedded.tomcat.TomcatWebServer  : Tomcat started on port(s): 8080 (http) with context path ''
2022-11-01 10:23:20.513  INFO 16352 --- [main] com.messageapi.dc.MessageApiApplication  : Started MessageApiApplication in 6.775 seconds (JVM running for 7.401)
2022-11-01 10:23:32.675  INFO 16352 --- [http-nio-8080-exec-1] o.a.c.c.C.[Tomcat].[localhost].[/]       : Initializing Spring DispatcherServlet 'dispatcherServlet'
2022-11-01 10:23:32.675  INFO 16352 --- [http-nio-8080-exec-1] o.s.web.servlet.DispatcherServlet        : Initializing Servlet 'dispatcherServlet'
2022-11-01 10:23:32.676  INFO 16352 --- [http-nio-8080-exec-1] o.s.web.servlet.DispatcherServlet        : Completed initialization in 0 ms
2022-11-01 10:23:32.798  INFO 16352 --- [http-nio-8080-exec-1] c.m.dc.controller.MessageApiController   : [Message] Controller Message Api Has Hit 
2022-11-01 10:24:49.863  INFO 16352 --- [SpringApplicationShutdownHook] j.LocalContainerEntityManagerFactoryBean : Closing JPA EntityManagerFactory for persistence unit 'default'
2022-11-01 10:24:49.866  INFO 16352 --- [SpringApplicationShutdownHook] com.zaxxer.hikari.HikariDataSource       : HikariPool-1 - Shutdown initiated...
2022-11-01 10:24:49.880  INFO 16352 --- [SpringApplicationShutdownHook] com.zaxxer.hikari.HikariDataSource       : HikariPool-1 - Shutdown completed.
2022-11-01 10:24:54.589  INFO 1268 --- [main] com.messageapi.dc.MessageApiApplication  : Starting MessageApiApplication using Java 17.0.4.1 on MSI with PID 1268 (C:\Users\Hafidz\Documents\Django\dc\target\classes started by Hafidz in C:\Users\Hafidz\Documents\Django\dc)
2022-11-01 10:24:54.592  INFO 1268 --- [main] com.messageapi.dc.MessageApiApplication  : No active profile set, falling back to 1 default profile: "default"
2022-11-01 10:24:55.391  INFO 1268 --- [main] .s.d.r.c.RepositoryConfigurationDelegate : Bootstrapping Spring Data JPA repositories in DEFAULT mode.
2022-11-01 10:24:55.462  INFO 1268 --- [main] .s.d.r.c.RepositoryConfigurationDelegate : Finished Spring Data repository scanning in 59 ms. Found 1 JPA repository interfaces.
2022-11-01 10:24:56.191  INFO 1268 --- [main] o.s.b.w.embedded.tomcat.TomcatWebServer  : Tomcat initialized with port(s): 8080 (http)
2022-11-01 10:24:56.202  INFO 1268 --- [main] o.apache.catalina.core.StandardService   : Starting service [Tomcat]
2022-11-01 10:24:56.202  INFO 1268 --- [main] org.apache.catalina.core.StandardEngine  : Starting Servlet engine: [Apache Tomcat/9.0.68]
2022-11-01 10:24:56.322  INFO 1268 --- [main] o.a.c.c.C.[Tomcat].[localhost].[/]       : Initializing Spring embedded WebApplicationContext
2022-11-01 10:24:56.322  INFO 1268 --- [main] w.s.c.ServletWebServerApplicationContext : Root WebApplicationContext: initialization completed in 1667 ms
2022-11-01 10:24:56.576  INFO 1268 --- [main] o.hibernate.jpa.internal.util.LogHelper  : HHH000204: Processing PersistenceUnitInfo [name: default]
2022-11-01 10:24:56.640  INFO 1268 --- [main] org.hibernate.Version                    : HHH000412: Hibernate ORM core version 5.6.12.Final
2022-11-01 10:24:56.818  INFO 1268 --- [main] o.hibernate.annotations.common.Version   : HCANN000001: Hibernate Commons Annotations {5.1.2.Final}
2022-11-01 10:24:56.907  INFO 1268 --- [main] com.zaxxer.hikari.HikariDataSource       : HikariPool-1 - Starting...
2022-11-01 10:24:57.095  INFO 1268 --- [main] com.zaxxer.hikari.HikariDataSource       : HikariPool-1 - Start completed.
2022-11-01 10:24:57.115  INFO 1268 --- [main] org.hibernate.dialect.Dialect            : HHH000400: Using dialect: org.hibernate.dialect.MySQL5Dialect
2022-11-01 10:24:57.860  INFO 1268 --- [main] o.h.e.t.j.p.i.JtaPlatformInitiator       : HHH000490: Using JtaPlatform implementation: [org.hibernate.engine.transaction.jta.platform.internal.NoJtaPlatform]
2022-11-01 10:24:57.869  INFO 1268 --- [main] j.LocalContainerEntityManagerFactoryBean : Initialized JPA EntityManagerFactory for persistence unit 'default'
2022-11-01 10:24:58.334  WARN 1268 --- [main] JpaBaseConfiguration$JpaWebConfiguration : spring.jpa.open-in-view is enabled by default. Therefore, database queries may be performed during view rendering. Explicitly configure spring.jpa.open-in-view to disable this warning
2022-11-01 10:24:58.727  INFO 1268 --- [main] o.s.b.w.embedded.tomcat.TomcatWebServer  : Tomcat started on port(s): 8080 (http) with context path ''
2022-11-01 10:24:58.739  INFO 1268 --- [main] com.messageapi.dc.MessageApiApplication  : Started MessageApiApplication in 4.702 seconds (JVM running for 5.244)
2022-11-01 10:25:11.190  INFO 1268 --- [http-nio-8080-exec-1] o.a.c.c.C.[Tomcat].[localhost].[/]       : Initializing Spring DispatcherServlet 'dispatcherServlet'
2022-11-01 10:25:11.190  INFO 1268 --- [http-nio-8080-exec-1] o.s.web.servlet.DispatcherServlet        : Initializing Servlet 'dispatcherServlet'
2022-11-01 10:25:11.191  INFO 1268 --- [http-nio-8080-exec-1] o.s.web.servlet.DispatcherServlet        : Completed initialization in 1 ms
2022-11-01 10:25:11.312  INFO 1268 --- [http-nio-8080-exec-1] c.m.dc.controller.MessageApiController   : [Message] Controller Message Api Has Hit 
2022-11-01 10:26:33.288  INFO 1268 --- [SpringApplicationShutdownHook] j.LocalContainerEntityManagerFactoryBean : Closing JPA EntityManagerFactory for persistence unit 'default'
2022-11-01 10:26:33.290  INFO 1268 --- [SpringApplicationShutdownHook] com.zaxxer.hikari.HikariDataSource       : HikariPool-1 - Shutdown initiated...
2022-11-01 10:26:33.300  INFO 1268 --- [SpringApplicationShutdownHook] com.zaxxer.hikari.HikariDataSource       : HikariPool-1 - Shutdown completed.
2022-11-01 10:26:39.217  INFO 22180 --- [main] com.messageapi.dc.MessageApiApplication  : Starting MessageApiApplication using Java 17.0.4.1 on MSI with PID 22180 (C:\Users\Hafidz\Documents\Django\dc\target\classes started by Hafidz in C:\Users\Hafidz\Documents\Django\dc)
2022-11-01 10:26:39.221  INFO 22180 --- [main] com.messageapi.dc.MessageApiApplication  : No active profile set, falling back to 1 default profile: "default"
2022-11-01 10:26:40.050  INFO 22180 --- [main] .s.d.r.c.RepositoryConfigurationDelegate : Bootstrapping Spring Data JPA repositories in DEFAULT mode.
2022-11-01 10:26:40.140  INFO 22180 --- [main] .s.d.r.c.RepositoryConfigurationDelegate : Finished Spring Data repository scanning in 72 ms. Found 1 JPA repository interfaces.
2022-11-01 10:26:40.980  INFO 22180 --- [main] o.s.b.w.embedded.tomcat.TomcatWebServer  : Tomcat initialized with port(s): 8080 (http)
2022-11-01 10:26:40.989  INFO 22180 --- [main] o.apache.catalina.core.StandardService   : Starting service [Tomcat]
2022-11-01 10:26:40.990  INFO 22180 --- [main] org.apache.catalina.core.StandardEngine  : Starting Servlet engine: [Apache Tomcat/9.0.68]
2022-11-01 10:26:41.173  INFO 22180 --- [main] o.a.c.c.C.[Tomcat].[localhost].[/]       : Initializing Spring embedded WebApplicationContext
2022-11-01 10:26:41.174  INFO 22180 --- [main] w.s.c.ServletWebServerApplicationContext : Root WebApplicationContext: initialization completed in 1869 ms
2022-11-01 10:26:41.522  INFO 22180 --- [main] o.hibernate.jpa.internal.util.LogHelper  : HHH000204: Processing PersistenceUnitInfo [name: default]
2022-11-01 10:26:41.595  INFO 22180 --- [main] org.hibernate.Version                    : HHH000412: Hibernate ORM core version 5.6.12.Final
2022-11-01 10:26:41.758  INFO 22180 --- [main] o.hibernate.annotations.common.Version   : HCANN000001: Hibernate Commons Annotations {5.1.2.Final}
2022-11-01 10:26:41.872  INFO 22180 --- [main] com.zaxxer.hikari.HikariDataSource       : HikariPool-1 - Starting...
2022-11-01 10:26:42.064  INFO 22180 --- [main] com.zaxxer.hikari.HikariDataSource       : HikariPool-1 - Start completed.
2022-11-01 10:26:42.095  INFO 22180 --- [main] org.hibernate.dialect.Dialect            : HHH000400: Using dialect: org.hibernate.dialect.MySQL5Dialect
2022-11-01 10:26:42.934  INFO 22180 --- [main] o.h.e.t.j.p.i.JtaPlatformInitiator       : HHH000490: Using JtaPlatform implementation: [org.hibernate.engine.transaction.jta.platform.internal.NoJtaPlatform]
2022-11-01 10:26:42.942  INFO 22180 --- [main] j.LocalContainerEntityManagerFactoryBean : Initialized JPA EntityManagerFactory for persistence unit 'default'
2022-11-01 10:26:43.491  WARN 22180 --- [main] JpaBaseConfiguration$JpaWebConfiguration : spring.jpa.open-in-view is enabled by default. Therefore, database queries may be performed during view rendering. Explicitly configure spring.jpa.open-in-view to disable this warning
2022-11-01 10:26:43.866  INFO 22180 --- [main] o.s.b.w.embedded.tomcat.TomcatWebServer  : Tomcat started on port(s): 8080 (http) with context path ''
2022-11-01 10:26:43.875  INFO 22180 --- [main] com.messageapi.dc.MessageApiApplication  : Started MessageApiApplication in 5.277 seconds (JVM running for 5.878)
2022-11-01 10:26:48.598  INFO 22180 --- [http-nio-8080-exec-1] o.a.c.c.C.[Tomcat].[localhost].[/]       : Initializing Spring DispatcherServlet 'dispatcherServlet'
2022-11-01 10:26:48.598  INFO 22180 --- [http-nio-8080-exec-1] o.s.web.servlet.DispatcherServlet        : Initializing Servlet 'dispatcherServlet'
2022-11-01 10:26:48.599  INFO 22180 --- [http-nio-8080-exec-1] o.s.web.servlet.DispatcherServlet        : Completed initialization in 1 ms
2022-11-01 10:26:48.715  INFO 22180 --- [http-nio-8080-exec-1] c.m.dc.controller.MessageApiController   : [Message] Controller Message Api Has Hit 
2022-11-01 10:26:48.715 ERROR 22180 --- [http-nio-8080-exec-1] c.m.dc.controller.MessageApiController   : [Message] token null
2022-11-01 10:33:45.426  INFO 22180 --- [SpringApplicationShutdownHook] j.LocalContainerEntityManagerFactoryBean : Closing JPA EntityManagerFactory for persistence unit 'default'
2022-11-01 10:33:45.428  INFO 22180 --- [SpringApplicationShutdownHook] com.zaxxer.hikari.HikariDataSource       : HikariPool-1 - Shutdown initiated...
2022-11-01 10:33:45.437  INFO 22180 --- [SpringApplicationShutdownHook] com.zaxxer.hikari.HikariDataSource       : HikariPool-1 - Shutdown completed.
2022-11-01 10:33:50.764  INFO 11236 --- [main] com.messageapi.dc.MessageApiApplication  : Starting MessageApiApplication using Java 17.0.4.1 on MSI with PID 11236 (C:\Users\Hafidz\Documents\Django\dc\target\classes started by Hafidz in C:\Users\Hafidz\Documents\Django\dc)
2022-11-01 10:33:50.769  INFO 11236 --- [main] com.messageapi.dc.MessageApiApplication  : No active profile set, falling back to 1 default profile: "default"
2022-11-01 10:33:51.672  INFO 11236 --- [main] .s.d.r.c.RepositoryConfigurationDelegate : Bootstrapping Spring Data JPA repositories in DEFAULT mode.
2022-11-01 10:33:51.756  INFO 11236 --- [main] .s.d.r.c.RepositoryConfigurationDelegate : Finished Spring Data repository scanning in 71 ms. Found 1 JPA repository interfaces.
2022-11-01 10:33:52.598  INFO 11236 --- [main] o.s.b.w.embedded.tomcat.TomcatWebServer  : Tomcat initialized with port(s): 8080 (http)
2022-11-01 10:33:52.607  INFO 11236 --- [main] o.apache.catalina.core.StandardService   : Starting service [Tomcat]
2022-11-01 10:33:52.608  INFO 11236 --- [main] org.apache.catalina.core.StandardEngine  : Starting Servlet engine: [Apache Tomcat/9.0.68]
2022-11-01 10:33:52.750  INFO 11236 --- [main] o.a.c.c.C.[Tomcat].[localhost].[/]       : Initializing Spring embedded WebApplicationContext
2022-11-01 10:33:52.751  INFO 11236 --- [main] w.s.c.ServletWebServerApplicationContext : Root WebApplicationContext: initialization completed in 1915 ms
2022-11-01 10:33:53.044  INFO 11236 --- [main] o.hibernate.jpa.internal.util.LogHelper  : HHH000204: Processing PersistenceUnitInfo [name: default]
2022-11-01 10:33:53.107  INFO 11236 --- [main] org.hibernate.Version                    : HHH000412: Hibernate ORM core version 5.6.12.Final
2022-11-01 10:33:53.285  INFO 11236 --- [main] o.hibernate.annotations.common.Version   : HCANN000001: Hibernate Commons Annotations {5.1.2.Final}
2022-11-01 10:33:53.386  INFO 11236 --- [main] com.zaxxer.hikari.HikariDataSource       : HikariPool-1 - Starting...
2022-11-01 10:33:53.592  INFO 11236 --- [main] com.zaxxer.hikari.HikariDataSource       : HikariPool-1 - Start completed.
2022-11-01 10:33:53.619  INFO 11236 --- [main] org.hibernate.dialect.Dialect            : HHH000400: Using dialect: org.hibernate.dialect.MySQL5Dialect
2022-11-01 10:33:54.401  INFO 11236 --- [main] o.h.e.t.j.p.i.JtaPlatformInitiator       : HHH000490: Using JtaPlatform implementation: [org.hibernate.engine.transaction.jta.platform.internal.NoJtaPlatform]
2022-11-01 10:33:54.412  INFO 11236 --- [main] j.LocalContainerEntityManagerFactoryBean : Initialized JPA EntityManagerFactory for persistence unit 'default'
2022-11-01 10:33:54.905  WARN 11236 --- [main] JpaBaseConfiguration$JpaWebConfiguration : spring.jpa.open-in-view is enabled by default. Therefore, database queries may be performed during view rendering. Explicitly configure spring.jpa.open-in-view to disable this warning
2022-11-01 10:33:55.280  INFO 11236 --- [main] o.s.b.w.embedded.tomcat.TomcatWebServer  : Tomcat started on port(s): 8080 (http) with context path ''
2022-11-01 10:33:55.294  INFO 11236 --- [main] com.messageapi.dc.MessageApiApplication  : Started MessageApiApplication in 5.041 seconds (JVM running for 5.561)
2022-11-01 10:34:04.067  INFO 11236 --- [http-nio-8080-exec-2] o.a.c.c.C.[Tomcat].[localhost].[/]       : Initializing Spring DispatcherServlet 'dispatcherServlet'
2022-11-01 10:34:04.068  INFO 11236 --- [http-nio-8080-exec-2] o.s.web.servlet.DispatcherServlet        : Initializing Servlet 'dispatcherServlet'
2022-11-01 10:34:04.069  INFO 11236 --- [http-nio-8080-exec-2] o.s.web.servlet.DispatcherServlet        : Completed initialization in 1 ms
2022-11-01 10:34:04.279  INFO 11236 --- [http-nio-8080-exec-2] c.m.dc.controller.MessageApiController   : [Message] Controller Message Api Has Hit 
2022-11-01 10:34:04.542  INFO 11236 --- [http-nio-8080-exec-2] c.m.dc.controller.MessageApiController   : [Message] Payload : {messaging_product=whatsapp, recipient_type=individual, to=6285294243129, type=text, text={preview_url=false, body=jokowi 3 periode}}
2022-11-01 10:34:04.813  INFO 11236 --- [http-nio-8080-exec-2] c.m.dc.controller.MessageApiController   : [Message] queue has send to ActiveMQ
2022-11-01 10:34:04.816  INFO 11236 --- [http-nio-8080-exec-2] c.m.dc.controller.MessageApiController   : [Message] Response successfuly sended
2022-11-01 10:35:07.175  INFO 11236 --- [SpringApplicationShutdownHook] j.LocalContainerEntityManagerFactoryBean : Closing JPA EntityManagerFactory for persistence unit 'default'
2022-11-01 10:35:07.177  INFO 11236 --- [SpringApplicationShutdownHook] com.zaxxer.hikari.HikariDataSource       : HikariPool-1 - Shutdown initiated...
2022-11-01 10:35:07.184  INFO 11236 --- [SpringApplicationShutdownHook] com.zaxxer.hikari.HikariDataSource       : HikariPool-1 - Shutdown completed.
2022-11-01 10:35:12.244  INFO 17480 --- [main] com.messageapi.dc.MessageApiApplication  : Starting MessageApiApplication using Java 17.0.4.1 on MSI with PID 17480 (C:\Users\Hafidz\Documents\Django\dc\target\classes started by Hafidz in C:\Users\Hafidz\Documents\Django\dc)
2022-11-01 10:35:12.250  INFO 17480 --- [main] com.messageapi.dc.MessageApiApplication  : No active profile set, falling back to 1 default profile: "default"
2022-11-01 10:35:13.329  INFO 17480 --- [main] .s.d.r.c.RepositoryConfigurationDelegate : Bootstrapping Spring Data JPA repositories in DEFAULT mode.
2022-11-01 10:35:13.404  INFO 17480 --- [main] .s.d.r.c.RepositoryConfigurationDelegate : Finished Spring Data repository scanning in 64 ms. Found 1 JPA repository interfaces.
2022-11-01 10:35:14.327  INFO 17480 --- [main] o.s.b.w.embedded.tomcat.TomcatWebServer  : Tomcat initialized with port(s): 8080 (http)
2022-11-01 10:35:14.338  INFO 17480 --- [main] o.apache.catalina.core.StandardService   : Starting service [Tomcat]
2022-11-01 10:35:14.339  INFO 17480 --- [main] org.apache.catalina.core.StandardEngine  : Starting Servlet engine: [Apache Tomcat/9.0.68]
2022-11-01 10:35:14.468  INFO 17480 --- [main] o.a.c.c.C.[Tomcat].[localhost].[/]       : Initializing Spring embedded WebApplicationContext
2022-11-01 10:35:14.469  INFO 17480 --- [main] w.s.c.ServletWebServerApplicationContext : Root WebApplicationContext: initialization completed in 2130 ms
2022-11-01 10:35:14.774  INFO 17480 --- [main] o.hibernate.jpa.internal.util.LogHelper  : HHH000204: Processing PersistenceUnitInfo [name: default]
2022-11-01 10:35:14.827  INFO 17480 --- [main] org.hibernate.Version                    : HHH000412: Hibernate ORM core version 5.6.12.Final
2022-11-01 10:35:14.999  INFO 17480 --- [main] o.hibernate.annotations.common.Version   : HCANN000001: Hibernate Commons Annotations {5.1.2.Final}
2022-11-01 10:35:15.086  INFO 17480 --- [main] com.zaxxer.hikari.HikariDataSource       : HikariPool-1 - Starting...
2022-11-01 10:35:15.254  INFO 17480 --- [main] com.zaxxer.hikari.HikariDataSource       : HikariPool-1 - Start completed.
2022-11-01 10:35:15.280  INFO 17480 --- [main] org.hibernate.dialect.Dialect            : HHH000400: Using dialect: org.hibernate.dialect.MySQL5Dialect
2022-11-01 10:35:15.945  INFO 17480 --- [main] o.h.e.t.j.p.i.JtaPlatformInitiator       : HHH000490: Using JtaPlatform implementation: [org.hibernate.engine.transaction.jta.platform.internal.NoJtaPlatform]
2022-11-01 10:35:15.956  INFO 17480 --- [main] j.LocalContainerEntityManagerFactoryBean : Initialized JPA EntityManagerFactory for persistence unit 'default'
2022-11-01 10:35:16.539  WARN 17480 --- [main] JpaBaseConfiguration$JpaWebConfiguration : spring.jpa.open-in-view is enabled by default. Therefore, database queries may be performed during view rendering. Explicitly configure spring.jpa.open-in-view to disable this warning
2022-11-01 10:35:16.943  INFO 17480 --- [main] o.s.b.w.embedded.tomcat.TomcatWebServer  : Tomcat started on port(s): 8080 (http) with context path ''
2022-11-01 10:35:16.954  INFO 17480 --- [main] com.messageapi.dc.MessageApiApplication  : Started MessageApiApplication in 5.331 seconds (JVM running for 5.933)
2022-11-01 10:35:31.531  INFO 17480 --- [http-nio-8080-exec-2] o.a.c.c.C.[Tomcat].[localhost].[/]       : Initializing Spring DispatcherServlet 'dispatcherServlet'
2022-11-01 10:35:31.532  INFO 17480 --- [http-nio-8080-exec-2] o.s.web.servlet.DispatcherServlet        : Initializing Servlet 'dispatcherServlet'
2022-11-01 10:35:31.532  INFO 17480 --- [http-nio-8080-exec-2] o.s.web.servlet.DispatcherServlet        : Completed initialization in 0 ms
2022-11-01 10:35:31.661  INFO 17480 --- [http-nio-8080-exec-2] c.m.dc.controller.MessageApiController   : [Message] Controller Message Api Has Hit 
2022-11-01 10:35:32.166  INFO 17480 --- [http-nio-8080-exec-2] c.m.dc.controller.MessageApiController   : [Message] Payload : {messaging_product=whatsapp, recipient_type=individual, to=6285294243129, type=text, text={preview_url=false, body=jokowi 3 periode}}, Message_id : 562609db-6611-4abb-8259-e2eccfba902a
2022-11-01 10:35:32.172  INFO 17480 --- [http-nio-8080-exec-2] c.m.dc.controller.MessageApiController   : [Message] Response successfuly sended
2022-11-01 10:36:11.756  INFO 17480 --- [SpringApplicationShutdownHook] j.LocalContainerEntityManagerFactoryBean : Closing JPA EntityManagerFactory for persistence unit 'default'
2022-11-01 10:36:11.757  INFO 17480 --- [SpringApplicationShutdownHook] com.zaxxer.hikari.HikariDataSource       : HikariPool-1 - Shutdown initiated...
2022-11-01 10:36:11.766  INFO 17480 --- [SpringApplicationShutdownHook] com.zaxxer.hikari.HikariDataSource       : HikariPool-1 - Shutdown completed.
