2022-11-06 11:03:28.269  INFO 1968 --- [main] c.t.dc.TranmistterMessageDcApplication   : Starting TranmistterMessageDcApplication using Java 11.0.13 on MSI with PID 1968 (C:\Users\Hafidz\Documents\Django\tranmisttermessage-dc\target\classes started by Hafidz in C:\Users\Hafidz\Documents\Django\dc)
2022-11-06 11:03:28.276  INFO 1968 --- [main] c.t.dc.TranmistterMessageDcApplication   : No active profile set, falling back to 1 default profile: "default"
2022-11-06 11:03:29.502  INFO 1968 --- [main] .s.d.r.c.RepositoryConfigurationDelegate : Bootstrapping Spring Data JPA repositories in DEFAULT mode.
2022-11-06 11:03:29.623  INFO 1968 --- [main] .s.d.r.c.RepositoryConfigurationDelegate : Finished Spring Data repository scanning in 99 ms. Found 1 JPA repository interfaces.
2022-11-06 11:03:31.174  INFO 1968 --- [main] o.s.b.w.embedded.tomcat.TomcatWebServer  : Tomcat initialized with port(s): 8085 (http)
2022-11-06 11:03:31.192  INFO 1968 --- [main] o.apache.catalina.core.StandardService   : Starting service [Tomcat]
2022-11-06 11:03:31.192  INFO 1968 --- [main] org.apache.catalina.core.StandardEngine  : Starting Servlet engine: [Apache Tomcat/9.0.68]
2022-11-06 11:03:31.459  INFO 1968 --- [main] o.a.c.c.C.[Tomcat].[localhost].[/]       : Initializing Spring embedded WebApplicationContext
2022-11-06 11:03:31.460  INFO 1968 --- [main] w.s.c.ServletWebServerApplicationContext : Root WebApplicationContext: initialization completed in 3048 ms
2022-11-06 11:03:31.842  INFO 1968 --- [main] o.hibernate.jpa.internal.util.LogHelper  : HHH000204: Processing PersistenceUnitInfo [name: default]
2022-11-06 11:03:31.934  INFO 1968 --- [main] org.hibernate.Version                    : HHH000412: Hibernate ORM core version 5.6.12.Final
2022-11-06 11:03:32.220  INFO 1968 --- [main] o.hibernate.annotations.common.Version   : HCANN000001: Hibernate Commons Annotations {5.1.2.Final}
2022-11-06 11:03:32.368  INFO 1968 --- [main] com.zaxxer.hikari.HikariDataSource       : HikariPool-1 - Starting...
2022-11-06 11:03:33.017  INFO 1968 --- [main] com.zaxxer.hikari.HikariDataSource       : HikariPool-1 - Start completed.
2022-11-06 11:03:33.044  INFO 1968 --- [main] org.hibernate.dialect.Dialect            : HHH000400: Using dialect: org.hibernate.dialect.MySQL5Dialect
2022-11-06 11:03:34.410  INFO 1968 --- [main] o.h.e.t.j.p.i.JtaPlatformInitiator       : HHH000490: Using JtaPlatform implementation: [org.hibernate.engine.transaction.jta.platform.internal.NoJtaPlatform]
2022-11-06 11:03:34.429  INFO 1968 --- [main] j.LocalContainerEntityManagerFactoryBean : Initialized JPA EntityManagerFactory for persistence unit 'default'
2022-11-06 11:03:35.186  WARN 1968 --- [main] JpaBaseConfiguration$JpaWebConfiguration : spring.jpa.open-in-view is enabled by default. Therefore, database queries may be performed during view rendering. Explicitly configure spring.jpa.open-in-view to disable this warning
2022-11-06 11:03:35.904  INFO 1968 --- [main] o.s.b.w.embedded.tomcat.TomcatWebServer  : Tomcat started on port(s): 8085 (http) with context path ''
2022-11-06 11:03:36.241  INFO 1968 --- [main] c.t.dc.TranmistterMessageDcApplication   : Started TranmistterMessageDcApplication in 9.004 seconds (JVM running for 10.416)
2022-11-06 11:03:45.929  INFO 1968 --- [org.springframework.jms.JmsListenerEndpointContainer#0-1] c.t.dc.service.ConsumerService           : [Message] Succesfully Received Queue, The queue is : ActiveMQMapMessage {commandId = 5, responseRequired = true, messageId = ID:MSI-60260-1667707425669-1:1:1:1:1, originalDestination = null, originalTransactionId = null, producerId = ID:MSI-60260-1667707425669-1:1:1:1, destination = queue://messagesapi, transactionId = null, expiration = 0, timestamp = 1667707425906, arrival = 0, brokerInTime = 1667707425908, brokerOutTime = 1667707425917, correlationId = null, replyTo = null, persistent = true, type = null, priority = 4, groupID = null, groupSequence = 0, targetConsumerId = null, compressed = false, userID = null, content = org.apache.activemq.util.ByteSequence@3016219a, marshalledProperties = null, dataStructure = null, redeliveryCounter = 0, size = 0, properties = null, readOnlyProperties = true, readOnlyBody = true, droppable = false, jmsXGroupFirstForConsumer = false} ActiveMQMapMessage{ theTable = {payload={recipient_type=individual, to=6285294243129, text={body=yoshh, preview_url=false}, type=text, messaging_product=whatsapp}, message_id=dcad9a0f-08b8-42e0-9d23-fe3d052a64e7} }
2022-11-06 11:03:47.176  INFO 1968 --- [org.springframework.jms.JmsListenerEndpointContainer#0-1] c.t.dc.service.HitApiFacebookService     : [Message] succesfully get response from Facebook Api
2022-11-06 11:03:47.228  INFO 1968 --- [org.springframework.jms.JmsListenerEndpointContainer#0-1] c.t.dc.service.HitApiFacebookService     : [Message] Executing to convert object to string
2022-11-06 11:03:47.238  INFO 1968 --- [org.springframework.jms.JmsListenerEndpointContainer#0-1] c.t.dc.service.HitApiFacebookService     : [Message] Executing hitApiFacebook succesfully
2022-11-06 11:03:47.338  INFO 1968 --- [org.springframework.jms.JmsListenerEndpointContainer#0-1] c.t.dc.service.MessageOutService         : [Message] Succesfuly Insert Message To DB
2022-11-06 11:06:28.938  INFO 1968 --- [SpringApplicationShutdownHook] j.LocalContainerEntityManagerFactoryBean : Closing JPA EntityManagerFactory for persistence unit 'default'
2022-11-06 11:06:28.942  INFO 1968 --- [SpringApplicationShutdownHook] com.zaxxer.hikari.HikariDataSource       : HikariPool-1 - Shutdown initiated...
2022-11-06 11:06:28.965  INFO 1968 --- [SpringApplicationShutdownHook] com.zaxxer.hikari.HikariDataSource       : HikariPool-1 - Shutdown completed.
2022-11-06 11:07:21.336  INFO 9452 --- [main] c.t.dc.TranmistterMessageDcApplication   : Starting TranmistterMessageDcApplication using Java 11.0.13 on MSI with PID 9452 (C:\Users\Hafidz\Documents\Django\tranmisttermessage-dc\target\classes started by Hafidz in C:\Users\Hafidz\Documents\Django\dc)
2022-11-06 11:07:21.343  INFO 9452 --- [main] c.t.dc.TranmistterMessageDcApplication   : No active profile set, falling back to 1 default profile: "default"
2022-11-06 11:07:22.594  INFO 9452 --- [main] .s.d.r.c.RepositoryConfigurationDelegate : Bootstrapping Spring Data JPA repositories in DEFAULT mode.
2022-11-06 11:07:22.712  INFO 9452 --- [main] .s.d.r.c.RepositoryConfigurationDelegate : Finished Spring Data repository scanning in 97 ms. Found 1 JPA repository interfaces.
2022-11-06 11:07:24.384  INFO 9452 --- [main] o.s.b.w.embedded.tomcat.TomcatWebServer  : Tomcat initialized with port(s): 8085 (http)
2022-11-06 11:07:24.400  INFO 9452 --- [main] o.apache.catalina.core.StandardService   : Starting service [Tomcat]
2022-11-06 11:07:24.401  INFO 9452 --- [main] org.apache.catalina.core.StandardEngine  : Starting Servlet engine: [Apache Tomcat/9.0.68]
2022-11-06 11:07:24.666  INFO 9452 --- [main] o.a.c.c.C.[Tomcat].[localhost].[/]       : Initializing Spring embedded WebApplicationContext
2022-11-06 11:07:24.666  INFO 9452 --- [main] w.s.c.ServletWebServerApplicationContext : Root WebApplicationContext: initialization completed in 3195 ms
2022-11-06 11:07:25.050  INFO 9452 --- [main] o.hibernate.jpa.internal.util.LogHelper  : HHH000204: Processing PersistenceUnitInfo [name: default]
2022-11-06 11:07:25.157  INFO 9452 --- [main] org.hibernate.Version                    : HHH000412: Hibernate ORM core version 5.6.12.Final
2022-11-06 11:07:25.512  INFO 9452 --- [main] o.hibernate.annotations.common.Version   : HCANN000001: Hibernate Commons Annotations {5.1.2.Final}
2022-11-06 11:07:25.703  INFO 9452 --- [main] com.zaxxer.hikari.HikariDataSource       : HikariPool-1 - Starting...
2022-11-06 11:07:26.263  INFO 9452 --- [main] com.zaxxer.hikari.HikariDataSource       : HikariPool-1 - Start completed.
2022-11-06 11:07:26.296  INFO 9452 --- [main] org.hibernate.dialect.Dialect            : HHH000400: Using dialect: org.hibernate.dialect.MySQL5Dialect
2022-11-06 11:07:27.722  INFO 9452 --- [main] o.h.e.t.j.p.i.JtaPlatformInitiator       : HHH000490: Using JtaPlatform implementation: [org.hibernate.engine.transaction.jta.platform.internal.NoJtaPlatform]
2022-11-06 11:07:27.733  INFO 9452 --- [main] j.LocalContainerEntityManagerFactoryBean : Initialized JPA EntityManagerFactory for persistence unit 'default'
2022-11-06 11:07:28.399  WARN 9452 --- [main] JpaBaseConfiguration$JpaWebConfiguration : spring.jpa.open-in-view is enabled by default. Therefore, database queries may be performed during view rendering. Explicitly configure spring.jpa.open-in-view to disable this warning
2022-11-06 11:07:29.158  INFO 9452 --- [main] o.s.b.w.embedded.tomcat.TomcatWebServer  : Tomcat started on port(s): 8085 (http) with context path ''
2022-11-06 11:07:29.812  INFO 9452 --- [main] c.t.dc.TranmistterMessageDcApplication   : Started TranmistterMessageDcApplication in 9.558 seconds (JVM running for 10.684)
2022-11-06 11:07:33.664  INFO 9452 --- [org.springframework.jms.JmsListenerEndpointContainer#0-1] c.t.dc.service.ConsumerService           : [Message] Succesfully Received Queue, The queue is : ActiveMQMapMessage {commandId = 5, responseRequired = true, messageId = ID:MSI-57739-1667707653344-1:1:1:1:1, originalDestination = null, originalTransactionId = null, producerId = ID:MSI-57739-1667707653344-1:1:1:1, destination = queue://messagesapi, transactionId = null, expiration = 0, timestamp = 1667707653641, arrival = 0, brokerInTime = 1667707653642, brokerOutTime = 1667707653648, correlationId = null, replyTo = null, persistent = true, type = null, priority = 4, groupID = null, groupSequence = 0, targetConsumerId = null, compressed = false, userID = null, content = org.apache.activemq.util.ByteSequence@741ce1a5, marshalledProperties = null, dataStructure = null, redeliveryCounter = 0, size = 0, properties = null, readOnlyProperties = true, readOnlyBody = true, droppable = false, jmsXGroupFirstForConsumer = false} ActiveMQMapMessage{ theTable = {payload={recipient_type=individual, to=6285294243129, text={body=yoshh, preview_url=false}, type=text, messaging_product=whatsapp}, message_id=3ac385e8-06fc-48b6-964a-de4bb3ad2d11} }
2022-11-06 11:07:34.781  INFO 9452 --- [org.springframework.jms.JmsListenerEndpointContainer#0-1] c.t.dc.service.HitApiFacebookService     : [Message] succesfully get response from Facebook Api
2022-11-06 11:07:34.868  INFO 9452 --- [org.springframework.jms.JmsListenerEndpointContainer#0-1] c.t.dc.service.HitApiFacebookService     : [Message] Executing to convert object to string
2022-11-06 11:07:34.869  INFO 9452 --- [org.springframework.jms.JmsListenerEndpointContainer#0-1] c.t.dc.service.HitApiFacebookService     : [Message] Executing hitApiFacebook succesfully
2022-11-06 11:07:35.019  INFO 9452 --- [org.springframework.jms.JmsListenerEndpointContainer#0-1] c.t.dc.service.MessageOutService         : [Message] Succesfuly Insert Message To DB
2022-11-06 11:08:18.692  INFO 9452 --- [SpringApplicationShutdownHook] j.LocalContainerEntityManagerFactoryBean : Closing JPA EntityManagerFactory for persistence unit 'default'
2022-11-06 11:08:18.696  INFO 9452 --- [SpringApplicationShutdownHook] com.zaxxer.hikari.HikariDataSource       : HikariPool-1 - Shutdown initiated...
2022-11-06 11:08:18.716  INFO 9452 --- [SpringApplicationShutdownHook] com.zaxxer.hikari.HikariDataSource       : HikariPool-1 - Shutdown completed.
2022-11-06 11:10:17.644  INFO 3380 --- [main] c.t.dc.TranmistterMessageDcApplication   : Starting TranmistterMessageDcApplication using Java 11.0.13 on MSI with PID 3380 (C:\Users\Hafidz\Documents\Django\tranmisttermessage-dc\target\classes started by Hafidz in C:\Users\Hafidz\Documents\Django\dc)
2022-11-06 11:10:17.649  INFO 3380 --- [main] c.t.dc.TranmistterMessageDcApplication   : No active profile set, falling back to 1 default profile: "default"
2022-11-06 11:10:18.563  INFO 3380 --- [main] .s.d.r.c.RepositoryConfigurationDelegate : Bootstrapping Spring Data JPA repositories in DEFAULT mode.
2022-11-06 11:10:18.642  INFO 3380 --- [main] .s.d.r.c.RepositoryConfigurationDelegate : Finished Spring Data repository scanning in 64 ms. Found 1 JPA repository interfaces.
2022-11-06 11:10:19.829  INFO 3380 --- [main] o.s.b.w.embedded.tomcat.TomcatWebServer  : Tomcat initialized with port(s): 8085 (http)
2022-11-06 11:10:19.841  INFO 3380 --- [main] o.apache.catalina.core.StandardService   : Starting service [Tomcat]
2022-11-06 11:10:19.841  INFO 3380 --- [main] org.apache.catalina.core.StandardEngine  : Starting Servlet engine: [Apache Tomcat/9.0.68]
2022-11-06 11:10:20.045  INFO 3380 --- [main] o.a.c.c.C.[Tomcat].[localhost].[/]       : Initializing Spring embedded WebApplicationContext
2022-11-06 11:10:20.045  INFO 3380 --- [main] w.s.c.ServletWebServerApplicationContext : Root WebApplicationContext: initialization completed in 2295 ms
2022-11-06 11:10:20.351  INFO 3380 --- [main] o.hibernate.jpa.internal.util.LogHelper  : HHH000204: Processing PersistenceUnitInfo [name: default]
2022-11-06 11:10:20.429  INFO 3380 --- [main] org.hibernate.Version                    : HHH000412: Hibernate ORM core version 5.6.12.Final
2022-11-06 11:10:20.680  INFO 3380 --- [main] o.hibernate.annotations.common.Version   : HCANN000001: Hibernate Commons Annotations {5.1.2.Final}
2022-11-06 11:10:20.813  INFO 3380 --- [main] com.zaxxer.hikari.HikariDataSource       : HikariPool-1 - Starting...
2022-11-06 11:10:21.253  INFO 3380 --- [main] com.zaxxer.hikari.HikariDataSource       : HikariPool-1 - Start completed.
2022-11-06 11:10:21.278  INFO 3380 --- [main] org.hibernate.dialect.Dialect            : HHH000400: Using dialect: org.hibernate.dialect.MySQL5Dialect
2022-11-06 11:10:22.362  INFO 3380 --- [main] o.h.e.t.j.p.i.JtaPlatformInitiator       : HHH000490: Using JtaPlatform implementation: [org.hibernate.engine.transaction.jta.platform.internal.NoJtaPlatform]
2022-11-06 11:10:22.373  INFO 3380 --- [main] j.LocalContainerEntityManagerFactoryBean : Initialized JPA EntityManagerFactory for persistence unit 'default'
2022-11-06 11:10:22.990  WARN 3380 --- [main] JpaBaseConfiguration$JpaWebConfiguration : spring.jpa.open-in-view is enabled by default. Therefore, database queries may be performed during view rendering. Explicitly configure spring.jpa.open-in-view to disable this warning
2022-11-06 11:10:23.650  INFO 3380 --- [main] o.s.b.w.embedded.tomcat.TomcatWebServer  : Tomcat started on port(s): 8085 (http) with context path ''
2022-11-06 11:10:24.011  INFO 3380 --- [main] c.t.dc.TranmistterMessageDcApplication   : Started TranmistterMessageDcApplication in 7.097 seconds (JVM running for 7.946)
2022-11-06 11:10:27.707  INFO 3380 --- [org.springframework.jms.JmsListenerEndpointContainer#0-1] c.t.dc.service.ConsumerService           : [Message] Succesfully Received Queue, The queue is : ActiveMQMapMessage {commandId = 5, responseRequired = true, messageId = ID:MSI-62055-1667707827474-1:1:1:1:1, originalDestination = null, originalTransactionId = null, producerId = ID:MSI-62055-1667707827474-1:1:1:1, destination = queue://messagesapi, transactionId = null, expiration = 0, timestamp = 1667707827693, arrival = 0, brokerInTime = 1667707827694, brokerOutTime = 1667707827695, correlationId = null, replyTo = null, persistent = true, type = null, priority = 4, groupID = null, groupSequence = 0, targetConsumerId = null, compressed = false, userID = null, content = org.apache.activemq.util.ByteSequence@11ed1f14, marshalledProperties = null, dataStructure = null, redeliveryCounter = 0, size = 0, properties = null, readOnlyProperties = true, readOnlyBody = true, droppable = false, jmsXGroupFirstForConsumer = false} ActiveMQMapMessage{ theTable = {payload={recipient_type=individual, to=6285294243129, text={body=yoshh, preview_url=false}, type=text, messaging_product=whatsapp}, message_id=e242721c-8784-461a-ae3e-2064910846c8} }
2022-11-06 11:10:28.622  INFO 3380 --- [org.springframework.jms.JmsListenerEndpointContainer#0-1] c.t.dc.service.HitApiFacebookService     : [Message] succesfully get response from Facebook Api
2022-11-06 11:10:28.677  INFO 3380 --- [org.springframework.jms.JmsListenerEndpointContainer#0-1] c.t.dc.service.HitApiFacebookService     : [Message] Executing to convert object to string
2022-11-06 11:10:28.678  INFO 3380 --- [org.springframework.jms.JmsListenerEndpointContainer#0-1] c.t.dc.service.HitApiFacebookService     : [Message] Executing hitApiFacebook succesfully
2022-11-06 11:10:28.762  INFO 3380 --- [org.springframework.jms.JmsListenerEndpointContainer#0-1] c.t.dc.service.MessageOutService         : [Message] Succesfuly Insert Message To DB
2022-11-06 11:13:22.548  INFO 3380 --- [SpringApplicationShutdownHook] j.LocalContainerEntityManagerFactoryBean : Closing JPA EntityManagerFactory for persistence unit 'default'
2022-11-06 11:13:22.551  INFO 3380 --- [SpringApplicationShutdownHook] com.zaxxer.hikari.HikariDataSource       : HikariPool-1 - Shutdown initiated...
2022-11-06 11:13:22.573  INFO 3380 --- [SpringApplicationShutdownHook] com.zaxxer.hikari.HikariDataSource       : HikariPool-1 - Shutdown completed.
